<?xml version="1.0" encoding="UTF-8"?>
<testng-results ignored="0" total="1" passed="1" failed="0" skipped="0">
  <reporter-output>
  </reporter-output>
  <suite started-at="2023-10-20T23:15:30 IST" name="Default suite" finished-at="2023-10-20T23:15:37 IST" duration-ms="7484">
    <groups>
    </groups>
    <test started-at="2023-10-20T23:15:30 IST" name="Default test" finished-at="2023-10-20T23:15:37 IST" duration-ms="7484">
      <class name="com.testClasses.Login_Test">
        <test-method is-config="true" signature="setup()[pri:0, instance:com.testClasses.Login_Test@2794eab6]" started-at="2023-10-20T23:15:30 IST" name="setup" finished-at="2023-10-20T23:15:36 IST" duration-ms="6287" status="PASS">
          <reporter-output>
          </reporter-output>
        </test-method> <!-- setup -->
        <test-method signature="LoginPage()[pri:0, instance:com.testClasses.Login_Test@2794eab6]" started-at="2023-10-20T23:15:36 IST" name="LoginPage" finished-at="2023-10-20T23:15:37 IST" duration-ms="551" status="PASS">
          <reporter-output>
          </reporter-output>
        </test-method> <!-- LoginPage -->
        <test-method is-config="true" signature="setuptearup()[pri:0, instance:com.testClasses.Login_Test@2794eab6]" started-at="2023-10-20T23:15:37 IST" name="setuptearup" finished-at="2023-10-20T23:15:37 IST" duration-ms="583" status="PASS">
          <reporter-output>
          </reporter-output>
        </test-method> <!-- setuptearup -->
      </class> <!-- com.testClasses.Login_Test -->
    </test> <!-- Default test -->
  </suite> <!-- Default suite -->
</testng-results>
